<?xml version="1.0" encoding="UTF-8"?>
<!-- Generated by org.testng.reporters.JUnitReportReporter -->
<testsuite hostname="ANIL-PC" failures="0" tests="1" name="testCases.TC002_LoginTest" time="3.515" errors="0" timestamp="2025-09-20T18:16:03 IST" skipped="0">
  <testcase classname="testCases.TC002_LoginTest" name="verify_login" time="3.515"/>
</testsuite> <!-- testCases.TC002_LoginTest -->
