<?xml version="1.0" encoding="UTF-8"?>
<!-- Generated by org.testng.reporters.JUnitReportReporter -->
<testsuite hostname="ANIL-PC" failures="0" tests="1" name="testCases.TC001_AccountRegistrationTest" time="6.854" errors="0" timestamp="2025-09-20T18:16:03 IST" skipped="0">
  <testcase classname="testCases.TC001_AccountRegistrationTest" name="verify_account_registration" time="6.854"/>
</testsuite> <!-- testCases.TC001_AccountRegistrationTest -->
